WARN[0000] /home/nakanoi/getstarted/envoy/docker-compose.yml: the attribute `version` is obsolete, it will be ignored, please remove it to avoid potential confusion 
[+] Building 1.7s (20/20) FINISHED                                   docker:default
 => [web internal] load build definition from web.Dockerfile                   0.0s
 => => transferring dockerfile: 264B                                           0.0s
 => [web internal] load metadata for docker.io/library/python:3.11.11          1.0s
 => [web internal] load .dockerignore                                          0.0s
 => => transferring context: 2B                                                0.0s
 => [web 1/5] FROM docker.io/library/python:3.11.11@sha256:2c80c66d876952e04f  0.0s
 => [web internal] load build context                                          0.0s
 => => transferring context: 701B                                              0.0s
 => CACHED [web 2/5] RUN mkdir -p /home/www/app                                0.0s
 => CACHED [web 3/5] WORKDIR /home/www/app                                     0.0s
 => CACHED [web 4/5] RUN python3 -m pip install "fastapi[standard]"            0.0s
 => [web 5/5] COPY main.py /home/www/app/main.py                               0.1s
 => [web] exporting to image                                                   0.1s
 => => exporting layers                                                        0.1s
 => => writing image sha256:1f3d9a337e3c031b6715558b2a89e263ebd59f08c2f6a917b  0.0s
 => => naming to docker.io/library/envoy-web                                   0.0s
 => [web] resolving provenance for metadata file                               0.0s
 => [envoy internal] load build definition from envoy.Dockerfile               0.0s
 => => transferring dockerfile: 174B                                           0.0s
 => [envoy internal] load metadata for docker.io/envoyproxy/envoy:v1.25.3      0.0s
 => [envoy internal] load .dockerignore                                        0.0s
 => => transferring context: 2B                                                0.0s
 => [envoy internal] load build context                                        0.0s
 => => transferring context: 4.00kB                                            0.0s
 => [envoy 1/3] FROM docker.io/envoyproxy/envoy:v1.25.3                        0.0s
 => CACHED [envoy 2/3] COPY envoy.yaml /etc/envoy/envoy.yaml                   0.0s
 => CACHED [envoy 3/3] RUN chmod go+r /etc/envoy/envoy.yaml                    0.0s
 => [envoy] exporting to image                                                 0.0s
 => => exporting layers                                                        0.0s
 => => writing image sha256:4e8530dd64659fcf69ae3198eb90c0095b6b2f2bcc194a04b  0.0s
 => => naming to docker.io/library/envoy-envoy                                 0.0s
 => [envoy] resolving provenance for metadata file                             0.0s
[+] Running 3/3
 ✔ Network envoy_default    Created                                            0.1s 
 ✔ Container envoy-web-1    Created                                            0.1s 
 ✔ Container envoy-envoy-1  Created                                            0.1s 
Attaching to envoy-1, web-1
web-1    | INFO:     Started server process [7]
web-1    | INFO:     Waiting for application startup.
web-1    | INFO:     Application startup complete.
web-1    | INFO:     Uvicorn running on http://0.0.0.0:8080 (Press CTRL+C to quit)
web-1    | INFO:     
web-1    |         ***
web-1    |         host           : localhost:8080
web-1    |         forwarded      : None
web-1    |         x-forwarded-for: None
web-1    |         ***
web-1    |         
web-1    | INFO:     127.0.0.1:44196 - "GET /100 HTTP/1.1" 200 OK
envoy-1  | [2024-12-08 06:39:41.446][1][info][main] [source/server/server.cc:404] initializing epoch 0 (base id=0, hot restart version=11.104)
envoy-1  | [2024-12-08 06:39:41.447][1][info][main] [source/server/server.cc:406] statically linked extensions:
envoy-1  | [2024-12-08 06:39:41.447][1][info][main] [source/server/server.cc:408]   envoy.thrift_proxy.transports: auto, framed, header, unframed
envoy-1  | [2024-12-08 06:39:41.447][1][info][main] [source/server/server.cc:408]   envoy.rate_limit_descriptors: envoy.rate_limit_descriptors.expr
envoy-1  | [2024-12-08 06:39:41.447][1][info][main] [source/server/server.cc:408]   envoy.http.original_ip_detection: envoy.http.original_ip_detection.custom_header, envoy.http.original_ip_detection.xff
envoy-1  | [2024-12-08 06:39:41.447][1][info][main] [source/server/server.cc:408]   envoy.http.early_header_mutation: envoy.http.early_header_mutation.header_mutation
envoy-1  | [2024-12-08 06:39:41.447][1][info][main] [source/server/server.cc:408]   envoy.resolvers: envoy.ip
envoy-1  | [2024-12-08 06:39:41.447][1][info][main] [source/server/server.cc:408]   envoy.clusters: envoy.cluster.eds, envoy.cluster.logical_dns, envoy.cluster.original_dst, envoy.cluster.static, envoy.cluster.strict_dns, envoy.clusters.aggregate, envoy.clusters.dynamic_forward_proxy, envoy.clusters.redis
envoy-1  | [2024-12-08 06:39:41.447][1][info][main] [source/server/server.cc:408]   envoy.retry_host_predicates: envoy.retry_host_predicates.omit_canary_hosts, envoy.retry_host_predicates.omit_host_metadata, envoy.retry_host_predicates.previous_hosts
envoy-1  | [2024-12-08 06:39:41.447][1][info][main] [source/server/server.cc:408]   envoy.wasm.runtime: envoy.wasm.runtime.null, envoy.wasm.runtime.v8
envoy-1  | [2024-12-08 06:39:41.447][1][info][main] [source/server/server.cc:408]   envoy.stats_sinks: envoy.dog_statsd, envoy.graphite_statsd, envoy.metrics_service, envoy.stat_sinks.dog_statsd, envoy.stat_sinks.graphite_statsd, envoy.stat_sinks.hystrix, envoy.stat_sinks.metrics_service, envoy.stat_sinks.statsd, envoy.stat_sinks.wasm, envoy.statsd
envoy-1  | [2024-12-08 06:39:41.447][1][info][main] [source/server/server.cc:408]   envoy.compression.compressor: envoy.compression.brotli.compressor, envoy.compression.gzip.compressor, envoy.compression.zstd.compressor
envoy-1  | [2024-12-08 06:39:41.447][1][info][main] [source/server/server.cc:408]   envoy.network.dns_resolver: envoy.network.dns_resolver.cares, envoy.network.dns_resolver.getaddrinfo
envoy-1  | [2024-12-08 06:39:41.447][1][info][main] [source/server/server.cc:408]   envoy.request_id: envoy.request_id.uuid
envoy-1  | [2024-12-08 06:39:41.447][1][info][main] [source/server/server.cc:408]   envoy.rbac.matchers: envoy.rbac.matchers.upstream_ip_port
envoy-1  | [2024-12-08 06:39:41.447][1][info][main] [source/server/server.cc:408]   envoy.matching.network.input: envoy.matching.inputs.application_protocol, envoy.matching.inputs.destination_ip, envoy.matching.inputs.destination_port, envoy.matching.inputs.direct_source_ip, envoy.matching.inputs.dns_san, envoy.matching.inputs.server_name, envoy.matching.inputs.source_ip, envoy.matching.inputs.source_port, envoy.matching.inputs.source_type, envoy.matching.inputs.subject, envoy.matching.inputs.transport_protocol, envoy.matching.inputs.uri_san
envoy-1  | [2024-12-08 06:39:41.447][1][info][main] [source/server/server.cc:408]   envoy.guarddog_actions: envoy.watchdog.abort_action, envoy.watchdog.profile_action
envoy-1  | [2024-12-08 06:39:41.447][1][info][main] [source/server/server.cc:408]   envoy.formatter: envoy.formatter.metadata, envoy.formatter.req_without_query
envoy-1  | [2024-12-08 06:39:41.447][1][info][main] [source/server/server.cc:408]   envoy.connection_handler: envoy.connection_handler.default
envoy-1  | [2024-12-08 06:39:41.447][1][info][main] [source/server/server.cc:408]   envoy.dubbo_proxy.protocols: dubbo
envoy-1  | [2024-12-08 06:39:41.447][1][info][main] [source/server/server.cc:408]   envoy.filters.http.upstream: envoy.buffer, envoy.filters.http.admission_control, envoy.filters.http.buffer, envoy.filters.http.upstream_codec
envoy-1  | [2024-12-08 06:39:41.447][1][info][main] [source/server/server.cc:408]   envoy.bootstrap: envoy.bootstrap.internal_listener, envoy.bootstrap.wasm, envoy.extensions.network.socket_interface.default_socket_interface
envoy-1  | [2024-12-08 06:39:41.447][1][info][main] [source/server/server.cc:408]   envoy.matching.input_matchers: envoy.matching.matchers.consistent_hashing, envoy.matching.matchers.ip
envoy-1  | [2024-12-08 06:39:41.447][1][info][main] [source/server/server.cc:408]   network.connection.client: default, envoy_internal
envoy-1  | [2024-12-08 06:39:41.447][1][info][main] [source/server/server.cc:408]   envoy.filters.udp_listener: envoy.filters.udp.dns_filter, envoy.filters.udp_listener.udp_proxy
envoy-1  | [2024-12-08 06:39:41.447][1][info][main] [source/server/server.cc:408]   envoy.quic.proof_source: envoy.quic.proof_source.filter_chain
envoy-1  | [2024-12-08 06:39:41.447][1][info][main] [source/server/server.cc:408]   envoy.retry_priorities: envoy.retry_priorities.previous_priorities
envoy-1  | [2024-12-08 06:39:41.447][1][info][main] [source/server/server.cc:408]   envoy.matching.http.custom_matchers: envoy.matching.custom_matchers.trie_matcher
envoy-1  | [2024-12-08 06:39:41.447][1][info][main] [source/server/server.cc:408]   envoy.listener_manager_impl: envoy.listener_manager_impl.default
envoy-1  | [2024-12-08 06:39:41.447][1][info][main] [source/server/server.cc:408]   envoy.http.custom_response: envoy.extensions.http.custom_response.local_response_policy, envoy.extensions.http.custom_response.redirect_policy
envoy-1  | [2024-12-08 06:39:41.447][1][info][main] [source/server/server.cc:408]   envoy.regex_engines: envoy.regex_engines.google_re2
envoy-1  | [2024-12-08 06:39:41.447][1][info][main] [source/server/server.cc:408]   envoy.load_balancing_policies: envoy.load_balancing_policies.least_request, envoy.load_balancing_policies.random, envoy.load_balancing_policies.round_robin
envoy-1  | [2024-12-08 06:39:41.447][1][info][main] [source/server/server.cc:408]   envoy.path.match: envoy.path.match.uri_template.uri_template_matcher
envoy-1  | [2024-12-08 06:39:41.447][1][info][main] [source/server/server.cc:408]   envoy.udp_packet_writer: envoy.udp_packet_writer.default, envoy.udp_packet_writer.gso
envoy-1  | [2024-12-08 06:39:41.447][1][info][main] [source/server/server.cc:408]   envoy.upstreams: envoy.filters.connection_pools.tcp.generic
envoy-1  | [2024-12-08 06:39:41.447][1][info][main] [source/server/server.cc:408]   envoy.matching.http.input: envoy.matching.inputs.destination_ip, envoy.matching.inputs.destination_port, envoy.matching.inputs.direct_source_ip, envoy.matching.inputs.dns_san, envoy.matching.inputs.request_headers, envoy.matching.inputs.request_trailers, envoy.matching.inputs.response_headers, envoy.matching.inputs.response_trailers, envoy.matching.inputs.server_name, envoy.matching.inputs.source_ip, envoy.matching.inputs.source_port, envoy.matching.inputs.source_type, envoy.matching.inputs.status_code_class_input, envoy.matching.inputs.status_code_input, envoy.matching.inputs.subject, envoy.matching.inputs.uri_san
envoy-1  | [2024-12-08 06:39:41.447][1][info][main] [source/server/server.cc:408]   envoy.filters.http: envoy.bandwidth_limit, envoy.buffer, envoy.cors, envoy.csrf, envoy.ext_authz, envoy.ext_proc, envoy.fault, envoy.filters.http.adaptive_concurrency, envoy.filters.http.admission_control, envoy.filters.http.alternate_protocols_cache, envoy.filters.http.aws_lambda, envoy.filters.http.aws_request_signing, envoy.filters.http.bandwidth_limit, envoy.filters.http.buffer, envoy.filters.http.cache, envoy.filters.http.cdn_loop, envoy.filters.http.composite, envoy.filters.http.compressor, envoy.filters.http.cors, envoy.filters.http.csrf, envoy.filters.http.custom_response, envoy.filters.http.decompressor, envoy.filters.http.dynamic_forward_proxy, envoy.filters.http.ext_authz, envoy.filters.http.ext_proc, envoy.filters.http.fault, envoy.filters.http.file_system_buffer, envoy.filters.http.gcp_authn, envoy.filters.http.grpc_http1_bridge, envoy.filters.http.grpc_http1_reverse_bridge, envoy.filters.http.grpc_json_transcoder, envoy.filters.http.grpc_stats, envoy.filters.http.grpc_web, envoy.filters.http.header_to_metadata, envoy.filters.http.health_check, envoy.filters.http.ip_tagging, envoy.filters.http.jwt_authn, envoy.filters.http.local_ratelimit, envoy.filters.http.lua, envoy.filters.http.match_delegate, envoy.filters.http.oauth2, envoy.filters.http.on_demand, envoy.filters.http.original_src, envoy.filters.http.rate_limit_quota, envoy.filters.http.ratelimit, envoy.filters.http.rbac, envoy.filters.http.router, envoy.filters.http.set_metadata, envoy.filters.http.stateful_session, envoy.filters.http.tap, envoy.filters.http.wasm, envoy.grpc_http1_bridge, envoy.grpc_json_transcoder, envoy.grpc_web, envoy.health_check, envoy.ip_tagging, envoy.local_rate_limit, envoy.lua, envoy.rate_limit, envoy.router
envoy-1  | [2024-12-08 06:39:41.447][1][info][main] [source/server/server.cc:408]   envoy.grpc_credentials: envoy.grpc_credentials.aws_iam, envoy.grpc_credentials.default, envoy.grpc_credentials.file_based_metadata
envoy-1  | [2024-12-08 06:39:41.447][1][info][main] [source/server/server.cc:408]   envoy.filters.network: envoy.echo, envoy.ext_authz, envoy.filters.network.connection_limit, envoy.filters.network.direct_response, envoy.filters.network.dubbo_proxy, envoy.filters.network.echo, envoy.filters.network.ext_authz, envoy.filters.network.http_connection_manager, envoy.filters.network.local_ratelimit, envoy.filters.network.mongo_proxy, envoy.filters.network.ratelimit, envoy.filters.network.rbac, envoy.filters.network.redis_proxy, envoy.filters.network.sni_cluster, envoy.filters.network.sni_dynamic_forward_proxy, envoy.filters.network.tcp_proxy, envoy.filters.network.thrift_proxy, envoy.filters.network.wasm, envoy.filters.network.zookeeper_proxy, envoy.http_connection_manager, envoy.mongo_proxy, envoy.ratelimit, envoy.redis_proxy, envoy.tcp_proxy
envoy-1  | [2024-12-08 06:39:41.447][1][info][main] [source/server/server.cc:408]   envoy.resource_monitors: envoy.resource_monitors.fixed_heap, envoy.resource_monitors.injected_resource
envoy-1  | [2024-12-08 06:39:41.447][1][info][main] [source/server/server.cc:408]   envoy.thrift_proxy.filters: envoy.filters.thrift.header_to_metadata, envoy.filters.thrift.payload_to_metadata, envoy.filters.thrift.rate_limit, envoy.filters.thrift.router
envoy-1  | [2024-12-08 06:39:41.447][1][info][main] [source/server/server.cc:408]   envoy.common.key_value: envoy.key_value.file_based
envoy-1  | [2024-12-08 06:39:41.447][1][info][main] [source/server/server.cc:408]   envoy.tracers: envoy.dynamic.ot, envoy.tracers.datadog, envoy.tracers.dynamic_ot, envoy.tracers.opencensus, envoy.tracers.opentelemetry, envoy.tracers.skywalking, envoy.tracers.xray, envoy.tracers.zipkin, envoy.zipkin
envoy-1  | [2024-12-08 06:39:41.447][1][info][main] [source/server/server.cc:408]   envoy.dubbo_proxy.filters: envoy.filters.dubbo.router
envoy-1  | [2024-12-08 06:39:41.447][1][info][main] [source/server/server.cc:408]   envoy.access_loggers.extension_filters: envoy.access_loggers.extension_filters.cel
envoy-1  | [2024-12-08 06:39:41.447][1][info][main] [source/server/server.cc:408]   envoy.tls.cert_validator: envoy.tls.cert_validator.default, envoy.tls.cert_validator.spiffe
envoy-1  | [2024-12-08 06:39:41.447][1][info][main] [source/server/server.cc:408]   envoy.upstream_options: envoy.extensions.upstreams.http.v3.HttpProtocolOptions, envoy.extensions.upstreams.tcp.v3.TcpProtocolOptions, envoy.upstreams.http.http_protocol_options, envoy.upstreams.tcp.tcp_protocol_options
envoy-1  | [2024-12-08 06:39:41.447][1][info][main] [source/server/server.cc:408]   envoy.filters.listener: envoy.filters.listener.http_inspector, envoy.filters.listener.original_dst, envoy.filters.listener.original_src, envoy.filters.listener.proxy_protocol, envoy.filters.listener.tls_inspector, envoy.listener.http_inspector, envoy.listener.original_dst, envoy.listener.original_src, envoy.listener.proxy_protocol, envoy.listener.tls_inspector
envoy-1  | [2024-12-08 06:39:41.447][1][info][main] [source/server/server.cc:408]   envoy.quic.connection_id_generator: envoy.quic.deterministic_connection_id_generator
envoy-1  | [2024-12-08 06:39:41.447][1][info][main] [source/server/server.cc:408]   envoy.compression.decompressor: envoy.compression.brotli.decompressor, envoy.compression.gzip.decompressor, envoy.compression.zstd.decompressor
envoy-1  | [2024-12-08 06:39:41.447][1][info][main] [source/server/server.cc:408]   envoy.dubbo_proxy.serializers: dubbo.hessian2
envoy-1  | [2024-12-08 06:39:41.447][1][info][main] [source/server/server.cc:408]   envoy.route.early_data_policy: envoy.route.early_data_policy.default
envoy-1  | [2024-12-08 06:39:41.447][1][info][main] [source/server/server.cc:408]   envoy.http.cache: envoy.extensions.http.cache.file_system_http_cache, envoy.extensions.http.cache.simple
envoy-1  | [2024-12-08 06:39:41.447][1][info][main] [source/server/server.cc:408]   envoy.http.header_validators: envoy.http.header_validators.envoy_default
envoy-1  | [2024-12-08 06:39:41.447][1][info][main] [source/server/server.cc:408]   envoy.internal_redirect_predicates: envoy.internal_redirect_predicates.allow_listed_routes, envoy.internal_redirect_predicates.previous_routes, envoy.internal_redirect_predicates.safe_cross_scheme
envoy-1  | [2024-12-08 06:39:41.447][1][info][main] [source/server/server.cc:408]   envoy.matching.common_inputs: envoy.matching.common_inputs.environment_variable
envoy-1  | [2024-12-08 06:39:41.447][1][info][main] [source/server/server.cc:408]   envoy.config.validators: envoy.config.validators.minimum_clusters, envoy.config.validators.minimum_clusters_validator
envoy-1  | [2024-12-08 06:39:41.447][1][info][main] [source/server/server.cc:408]   envoy.http.stateful_session: envoy.http.stateful_session.cookie, envoy.http.stateful_session.header
envoy-1  | [2024-12-08 06:39:41.447][1][info][main] [source/server/server.cc:408]   envoy.health_checkers: envoy.health_checkers.redis, envoy.health_checkers.thrift
envoy-1  | [2024-12-08 06:39:41.447][1][info][main] [source/server/server.cc:408]   envoy.thrift_proxy.protocols: auto, binary, binary/non-strict, compact, twitter
envoy-1  | [2024-12-08 06:39:41.447][1][info][main] [source/server/server.cc:408]   envoy.matching.network.custom_matchers: envoy.matching.custom_matchers.trie_matcher
envoy-1  | [2024-12-08 06:39:41.447][1][info][main] [source/server/server.cc:408]   envoy.transport_sockets.downstream: envoy.transport_sockets.alts, envoy.transport_sockets.quic, envoy.transport_sockets.raw_buffer, envoy.transport_sockets.starttls, envoy.transport_sockets.tap, envoy.transport_sockets.tcp_stats, envoy.transport_sockets.tls, raw_buffer, starttls, tls
envoy-1  | [2024-12-08 06:39:41.447][1][info][main] [source/server/server.cc:408]   envoy.transport_sockets.upstream: envoy.transport_sockets.alts, envoy.transport_sockets.http_11_proxy, envoy.transport_sockets.internal_upstream, envoy.transport_sockets.quic, envoy.transport_sockets.raw_buffer, envoy.transport_sockets.starttls, envoy.transport_sockets.tap, envoy.transport_sockets.tcp_stats, envoy.transport_sockets.tls, envoy.transport_sockets.upstream_proxy_protocol, raw_buffer, starttls, tls
envoy-1  | [2024-12-08 06:39:41.447][1][info][main] [source/server/server.cc:408]   envoy.matching.action: envoy.matching.actions.format_string, filter-chain-name
envoy-1  | [2024-12-08 06:39:41.447][1][info][main] [source/server/server.cc:408]   envoy.access_loggers: envoy.access_loggers.file, envoy.access_loggers.http_grpc, envoy.access_loggers.open_telemetry, envoy.access_loggers.stderr, envoy.access_loggers.stdout, envoy.access_loggers.tcp_grpc, envoy.access_loggers.wasm, envoy.file_access_log, envoy.http_grpc_access_log, envoy.open_telemetry_access_log, envoy.stderr_access_log, envoy.stdout_access_log, envoy.tcp_grpc_access_log, envoy.wasm_access_log
envoy-1  | [2024-12-08 06:39:41.447][1][info][main] [source/server/server.cc:408]   envoy.path.rewrite: envoy.path.rewrite.uri_template.uri_template_rewriter
envoy-1  | [2024-12-08 06:39:41.447][1][info][main] [source/server/server.cc:408]   envoy.http.stateful_header_formatters: envoy.http.stateful_header_formatters.preserve_case, preserve_case
envoy-1  | [2024-12-08 06:39:41.447][1][info][main] [source/server/server.cc:408]   envoy.quic.server.crypto_stream: envoy.quic.crypto_stream.server.quiche
envoy-1  | [2024-12-08 06:39:41.447][1][info][main] [source/server/server.cc:408]   quic.http_server_connection: quic.http_server_connection.default
envoy-1  | [2024-12-08 06:39:41.449][1][info][main] [source/server/server.cc:456] HTTP header map info:
envoy-1  | [2024-12-08 06:39:41.451][1][info][main] [source/server/server.cc:459]   request header map: 672 bytes: :authority,:method,:path,:protocol,:scheme,accept,accept-encoding,access-control-request-headers,access-control-request-method,access-control-request-private-network,authentication,authorization,cache-control,cdn-loop,connection,content-encoding,content-length,content-type,expect,grpc-accept-encoding,grpc-timeout,if-match,if-modified-since,if-none-match,if-range,if-unmodified-since,keep-alive,origin,pragma,proxy-connection,proxy-status,referer,te,transfer-encoding,upgrade,user-agent,via,x-client-trace-id,x-envoy-attempt-count,x-envoy-decorator-operation,x-envoy-downstream-service-cluster,x-envoy-downstream-service-node,x-envoy-expected-rq-timeout-ms,x-envoy-external-address,x-envoy-force-trace,x-envoy-hedge-on-per-try-timeout,x-envoy-internal,x-envoy-ip-tags,x-envoy-is-timeout-retry,x-envoy-max-retries,x-envoy-original-path,x-envoy-original-url,x-envoy-retriable-header-names,x-envoy-retriable-status-codes,x-envoy-retry-grpc-on,x-envoy-retry-on,x-envoy-upstream-alt-stat-name,x-envoy-upstream-rq-per-try-timeout-ms,x-envoy-upstream-rq-timeout-alt-response,x-envoy-upstream-rq-timeout-ms,x-envoy-upstream-stream-duration-ms,x-forwarded-client-cert,x-forwarded-for,x-forwarded-host,x-forwarded-port,x-forwarded-proto,x-ot-span-context,x-request-id
envoy-1  | [2024-12-08 06:39:41.451][1][info][main] [source/server/server.cc:459]   request trailer map: 120 bytes: 
envoy-1  | [2024-12-08 06:39:41.451][1][info][main] [source/server/server.cc:459]   response header map: 432 bytes: :status,access-control-allow-credentials,access-control-allow-headers,access-control-allow-methods,access-control-allow-origin,access-control-allow-private-network,access-control-expose-headers,access-control-max-age,age,cache-control,connection,content-encoding,content-length,content-type,date,etag,expires,grpc-message,grpc-status,keep-alive,last-modified,location,proxy-connection,proxy-status,server,transfer-encoding,upgrade,vary,via,x-envoy-attempt-count,x-envoy-decorator-operation,x-envoy-degraded,x-envoy-immediate-health-check-fail,x-envoy-ratelimited,x-envoy-upstream-canary,x-envoy-upstream-healthchecked-cluster,x-envoy-upstream-service-time,x-request-id
envoy-1  | [2024-12-08 06:39:41.451][1][info][main] [source/server/server.cc:459]   response trailer map: 144 bytes: grpc-message,grpc-status
envoy-1  | [2024-12-08 06:39:41.469][1][info][main] [source/server/server.cc:819] runtime: {}
envoy-1  | [2024-12-08 06:39:41.470][1][info][admin] [source/server/admin/admin.cc:67] admin address: 0.0.0.0:9901
envoy-1  | [2024-12-08 06:39:41.470][1][info][config] [source/server/configuration_impl.cc:131] loading tracing configuration
envoy-1  | [2024-12-08 06:39:41.470][1][info][config] [source/server/configuration_impl.cc:91] loading 0 static secret(s)
envoy-1  | [2024-12-08 06:39:41.470][1][info][config] [source/server/configuration_impl.cc:97] loading 1 cluster(s)
envoy-1  | [2024-12-08 06:39:41.471][1][info][config] [source/server/configuration_impl.cc:101] loading 1 listener(s)
envoy-1  | [2024-12-08 06:39:41.472][1][warning][misc] [source/common/protobuf/message_validator_impl.cc:21] Deprecated field: type envoy.config.core.v3.SubstitutionFormatString Using deprecated option 'envoy.config.core.v3.SubstitutionFormatString.text_format' from file substitution_format_string.proto. This configuration will be removed from Envoy soon. Please see https://www.envoyproxy.io/docs/envoy/latest/version_history/version_history for details. If continued use of this field is absolutely necessary, see https://www.envoyproxy.io/docs/envoy/latest/configuration/operations/runtime#using-runtime-overrides-for-deprecated-features for how to apply a temporary and highly discouraged override.
envoy-1  | [2024-12-08 06:39:41.472][1][info][config] [source/server/configuration_impl.cc:113] loading stats configuration
envoy-1  | [2024-12-08 06:39:41.473][1][info][main] [source/server/server.cc:915] starting main dispatch loop
envoy-1  | [2024-12-08 06:39:41.473][1][info][runtime] [source/common/runtime/runtime_impl.cc:463] RTDS has finished initialization
envoy-1  | [2024-12-08 06:39:41.473][1][info][upstream] [source/common/upstream/cluster_manager_impl.cc:226] cm init: all clusters initialized
envoy-1  | [2024-12-08 06:39:41.473][1][info][main] [source/server/server.cc:896] all clusters initialized. initializing init manager
envoy-1  | [2024-12-08 06:39:41.473][1][info][config] [source/extensions/listener_managers/listener_manager/listener_manager_impl.cc:852] all dependencies initialized. starting workers
envoy-1  | [2024-12-08 06:39:41.474][1][warning][main] [source/server/server.cc:794] there is no configured limit to the number of allowed active connections. Set a limit via the runtime key overload.global_downstream_max_connections
web-1    | INFO:     
web-1    |         ***
web-1    |         host           : localhost:8080
web-1    |         forwarded      : None
web-1    |         x-forwarded-for: None
web-1    |         ***
web-1    |         
web-1    | INFO:     127.0.0.1:46986 - "GET /100 HTTP/1.1" 200 OK
web-1    | INFO:     
web-1    |         ***
web-1    |         host           : localhost:8080
web-1    |         forwarded      : None
web-1    |         x-forwarded-for: None
web-1    |         ***
web-1    |         
web-1    | INFO:     127.0.0.1:45776 - "GET /100 HTTP/1.1" 200 OK
web-1    | INFO:     
web-1    |         ***
web-1    |         host           : localhost:8080
web-1    |         forwarded      : None
web-1    |         x-forwarded-for: None
web-1    |         ***
web-1    |         
web-1    | INFO:     127.0.0.1:53556 - "GET /100 HTTP/1.1" 200 OK
web-1    | INFO:     
web-1    |         ***
web-1    |         host           : localhost:8080
web-1    |         forwarded      : None
web-1    |         x-forwarded-for: None
web-1    |         ***
web-1    |         
web-1    | INFO:     172.22.0.3:39514 - "GET /2000 HTTP/1.1" 200 OK
envoy-1  | ===
envoy-1  | timestamp      : 2024-12-08T06:40:17.528Z
envoy-1  | request        : GET /2000 HTTP/1.1 200
envoy-1  | duration       : 2003
envoy-1  | upstream       : 2002
envoy-1  | x-forwarded-for: -
envoy-1  | authority      : localhost:8080
envoy-1  | upstream host  : 172.22.0.2:8080
envoy-1  | ===
web-1    | INFO:     
web-1    |         ***
web-1    |         host           : localhost:8080
web-1    |         forwarded      : None
web-1    |         x-forwarded-for: None
web-1    |         ***
web-1    |         
web-1    | INFO:     127.0.0.1:55842 - "GET /100 HTTP/1.1" 200 OK
envoy-1  | [2024-12-08 06:40:26.007][1][warning][main] [source/server/server.cc:854] caught ENVOY_SIGTERM
envoy-1  | [2024-12-08 06:40:26.007][1][info][main] [source/server/server.cc:985] shutting down server instance
envoy-1  | [2024-12-08 06:40:26.007][1][info][main] [source/server/server.cc:920] main dispatch loop exited
envoy-1  | [2024-12-08 06:40:26.009][1][info][main] [source/server/server.cc:972] exiting
envoy-1 exited with code 0
web-1    | INFO:     
web-1    |         ***
web-1    |         host           : localhost:8080
web-1    |         forwarded      : None
web-1    |         x-forwarded-for: None
web-1    |         ***
web-1    |         
web-1    | INFO:     127.0.0.1:53608 - "GET /100 HTTP/1.1" 200 OK
web-1 exited with code 137
